08:17:57.903469 IP (tos 0x0, ttl 64, id 46754, offset 0, flags [none], proto UDP (17), length 161)

    127.0.0.1.42174 > 127.0.0.1.1812: RADIUS, length: 133

	Access-Request (1), id: 0x00, Authenticator: 9ec04fe5201444a1bbf46254a93daa71

	  User-Name Attribute (1), length: 10, Value: adhithya

	  NAS-IP-Address Attribute (4), length: 6, Value: 127.0.0.1

	  Calling-Station-Id Attribute (31), length: 19, Value: 02-00-00-00-00-01

	  Framed-MTU Attribute (12), length: 6, Value: 1400

	  NAS-Port-Type Attribute (61), length: 6, Value: Wireless - IEEE 802.11

	  Service-Type Attribute (6), length: 6, Value: Framed

	  Connect-Info Attribute (77), length: 24, Value: CONNECT 11Mbps 802.11b

	  Called-Station-Id Attribute (30), length: 3, Value: 

	  EAP-Message Attribute (79), length: 15, Value: Response (2), id 251, len 13

		 Type Identity (1), Identity: adhithya

	  Message-Authenticator Attribute (80), length: 18, Value: .9".<s.D$.c.R.|"

08:17:57.903973 IP (tos 0x0, ttl 64, id 62497, offset 0, flags [none], proto UDP (17), length 108)

    127.0.0.1.1812 > 127.0.0.1.42174: RADIUS, length: 80

	Access-Challenge (11), id: 0x00, Authenticator: 7f026f99d95f080313867325186a8687

	  EAP-Message Attribute (79), length: 24, Value: Request (1), id 252, len 22

		 Type MD5-challenge (4)

	  Message-Authenticator Attribute (80), length: 18, Value: #..@8.8..@.P..."

	  State Attribute (24), length: 18, Value: a?3.a.7.....%D..

08:17:57.904187 IP (tos 0x0, ttl 64, id 46755, offset 0, flags [none], proto UDP (17), length 172)

    127.0.0.1.42174 > 127.0.0.1.1812: RADIUS, length: 144

	Access-Request (1), id: 0x01, Authenticator: 1e4929e130c025903d43cd9925666418

	  User-Name Attribute (1), length: 10, Value: adhithya

	  NAS-IP-Address Attribute (4), length: 6, Value: 127.0.0.1

	  Calling-Station-Id Attribute (31), length: 19, Value: 02-00-00-00-00-01

	  Framed-MTU Attribute (12), length: 6, Value: 1400

	  NAS-Port-Type Attribute (61), length: 6, Value: Wireless - IEEE 802.11

	  Service-Type Attribute (6), length: 6, Value: Framed

	  Connect-Info Attribute (77), length: 24, Value: CONNECT 11Mbps 802.11b

	  Called-Station-Id Attribute (30), length: 3, Value: 

	  EAP-Message Attribute (79), length: 8, Value: Response (2), id 252, len 6

		 Type Nak (3) unknown (25),

	  State Attribute (24), length: 18, Value: a?3.a.7.....%D..

	  Message-Authenticator Attribute (80), length: 18, Value: ...V..B....NzU..

08:17:57.904601 IP (tos 0x0, ttl 64, id 62498, offset 0, flags [none], proto UDP (17), length 92)

    127.0.0.1.1812 > 127.0.0.1.42174: RADIUS, length: 64

	Access-Challenge (11), id: 0x01, Authenticator: f013f05302dbffa527df2f6154758f30

	  EAP-Message Attribute (79), length: 8, Value: Request (1), id 253, len 6

		 Type unknown (25)

	  Message-Authenticator Attribute (80), length: 18, Value: .%..8..O..K.....

	  State Attribute (24), length: 18, Value: a?3.`.*.....%D..

08:17:57.904915 IP (tos 0x0, ttl 64, id 46756, offset 0, flags [none], proto UDP (17), length 360)

    127.0.0.1.42174 > 127.0.0.1.1812: RADIUS, length: 332

	Access-Request (1), id: 0x02, Authenticator: 3518112f4e511d01c8b13c339d9d3a5a

	  User-Name Attribute (1), length: 10, Value: adhithya

	  NAS-IP-Address Attribute (4), length: 6, Value: 127.0.0.1

	  Calling-Station-Id Attribute (31), length: 19, Value: 02-00-00-00-00-01

	  Framed-MTU Attribute (12), length: 6, Value: 1400

	  NAS-Port-Type Attribute (61), length: 6, Value: Wireless - IEEE 802.11

	  Service-Type Attribute (6), length: 6, Value: Framed

	  Connect-Info Attribute (77), length: 24, Value: CONNECT 11Mbps 802.11b

	  Called-Station-Id Attribute (30), length: 3, Value: 

	  EAP-Message Attribute (79), length: 196, Value: Response (2), id 253, len 194

		 Type unknown (25)

	  State Attribute (24), length: 18, Value: a?3.`.*.....%D..

	  Message-Authenticator Attribute (80), length: 18, Value: ..Z.......*...X.

08:17:57.907301 IP (tos 0x0, ttl 64, id 62499, offset 0, flags [none], proto UDP (17), length 1096)

    127.0.0.1.1812 > 127.0.0.1.42174: RADIUS, length: 1068

	Access-Challenge (11), id: 0x02, Authenticator: fe74936792c58fee66c5d3520da26a0f

	  EAP-Message Attribute (79), length: 255, Value:  [|radius]

	  EAP-Message Attribute (79), length: 255, Value:  [|radius]

	  EAP-Message Attribute (79), length: 255, Value:  [|radius]

	  EAP-Message Attribute (79), length: 247, Value:  [|radius]

	  Message-Authenticator Attribute (80), length: 18, Value: .K}....... .6..?

	  State Attribute (24), length: 18, Value: a?3.c.*.....%D..

08:17:57.907637 IP (tos 0x0, ttl 64, id 46757, offset 0, flags [none], proto UDP (17), length 172)

    127.0.0.1.42174 > 127.0.0.1.1812: RADIUS, length: 144

	Access-Request (1), id: 0x03, Authenticator: 38a306b08584aa16bf03883d450b56fd

	  User-Name Attribute (1), length: 10, Value: adhithya

	  NAS-IP-Address Attribute (4), length: 6, Value: 127.0.0.1

	  Calling-Station-Id Attribute (31), length: 19, Value: 02-00-00-00-00-01

	  Framed-MTU Attribute (12), length: 6, Value: 1400

	  NAS-Port-Type Attribute (61), length: 6, Value: Wireless - IEEE 802.11

	  Service-Type Attribute (6), length: 6, Value: Framed

	  Connect-Info Attribute (77), length: 24, Value: CONNECT 11Mbps 802.11b

	  Called-Station-Id Attribute (30), length: 3, Value: 

	  EAP-Message Attribute (79), length: 8, Value: Response (2), id 254, len 6

		 Type unknown (25)

	  State Attribute (24), length: 18, Value: a?3.c.*.....%D..

	  Message-Authenticator Attribute (80), length: 18, Value: ...:/.

08:17:57.908033 IP (tos 0x0, ttl 64, id 62500, offset 0, flags [none], proto UDP (17), length 248)

    127.0.0.1.1812 > 127.0.0.1.42174: RADIUS, length: 220

	Access-Challenge (11), id: 0x03, Authenticator: d3620af367844789020a0689f64ac462

	  EAP-Message Attribute (79), length: 164, Value: Request (1), id 255, len 162

		 Type unknown (25)

	  Message-Authenticator Attribute (80), length: 18, Value: "..I|0.6ni^..D..

	  State Attribute (24), length: 18, Value: a?3.b.*.....%D..

08:17:57.910810 IP (tos 0x0, ttl 64, id 46758, offset 0, flags [none], proto UDP (17), length 269)

    127.0.0.1.42174 > 127.0.0.1.1812: RADIUS, length: 241

	Access-Request (1), id: 0x04, Authenticator: 6054ffe2e29abc6678a19e4ef7dd537f

	  User-Name Attribute (1), length: 10, Value: adhithya

	  NAS-IP-Address Attribute (4), length: 6, Value: 127.0.0.1

	  Calling-Station-Id Attribute (31), length: 19, Value: 02-00-00-00-00-01

	  Framed-MTU Attribute (12), length: 6, Value: 1400

	  NAS-Port-Type Attribute (61), length: 6, Value: Wireless - IEEE 802.11

	  Service-Type Attribute (6), length: 6, Value: Framed

	  Connect-Info Attribute (77), length: 24, Value: CONNECT 11Mbps 802.11b

	  Called-Station-Id Attribute (30), length: 3, Value: 

	  EAP-Message Attribute (79), length: 105, Value: Response (2), id 255, len 103

		 Type unknown (25)

	  State Attribute (24), length: 18, Value: a?3.b.*.....%D..

	  Message-Authenticator Attribute (80), length: 18, Value: .?4..R.F.....5l.

08:17:57.911790 IP (tos 0x0, ttl 64, id 62501, offset 0, flags [none], proto UDP (17), length 143)

    127.0.0.1.1812 > 127.0.0.1.42174: RADIUS, length: 115

	Access-Challenge (11), id: 0x04, Authenticator: 91f31ffa87fa5e80642ac4afddd25ff2

	  EAP-Message Attribute (79), length: 59, Value: Request (1), id 0, len 57

		 Type unknown (25)

	  Message-Authenticator Attribute (80), length: 18, Value: .#C.z.[_-_N.q{d.

	  State Attribute (24), length: 18, Value: a?3.e?*.....%D..

08:17:57.911994 IP (tos 0x0, ttl 64, id 46759, offset 0, flags [none], proto UDP (17), length 172)

    127.0.0.1.42174 > 127.0.0.1.1812: RADIUS, length: 144

	Access-Request (1), id: 0x05, Authenticator: aefffffe35cddcc7e10f8a694aadd3f5

	  User-Name Attribute (1), length: 10, Value: adhithya

	  NAS-IP-Address Attribute (4), length: 6, Value: 127.0.0.1

	  Calling-Station-Id Attribute (31), length: 19, Value: 02-00-00-00-00-01

	  Framed-MTU Attribute (12), length: 6, Value: 1400

	  NAS-Port-Type Attribute (61), length: 6, Value: Wireless - IEEE 802.11

	  Service-Type Attribute (6), length: 6, Value: Framed

	  Connect-Info Attribute (77), length: 24, Value: CONNECT 11Mbps 802.11b

	  Called-Station-Id Attribute (30), length: 3, Value: 

	  EAP-Message Attribute (79), length: 8, Value: Response (2), id 0, len 6

		 Type unknown (25)

	  State Attribute (24), length: 18, Value: a?3.e?*.....%D..

	  Message-Authenticator Attribute (80), length: 18, Value: ./....8....p..bj

08:17:57.912383 IP (tos 0x0, ttl 64, id 62502, offset 0, flags [none], proto UDP (17), length 126)

    127.0.0.1.1812 > 127.0.0.1.42174: RADIUS, length: 98

	Access-Challenge (11), id: 0x05, Authenticator: 3f75b657e60dc2c89747cd10728b3075

	  EAP-Message Attribute (79), length: 42, Value: Request (1), id 1, len 40

		 Type unknown (25)

	  Message-Authenticator Attribute (80), length: 18, Value: .?.Z.V'...j\i...

	  State Attribute (24), length: 18, Value: a?3.d>*.....%D..

08:17:57.912531 IP (tos 0x0, ttl 64, id 46760, offset 0, flags [none], proto UDP (17), length 210)

    127.0.0.1.42174 > 127.0.0.1.1812: RADIUS, length: 182

	Access-Request (1), id: 0x06, Authenticator: a1b4fed53b71b8816c2d18ff35adcb8c

	  User-Name Attribute (1), length: 10, Value: adhithya

	  NAS-IP-Address Attribute (4), length: 6, Value: 127.0.0.1

	  Calling-Station-Id Attribute (31), length: 19, Value: 02-00-00-00-00-01

	  Framed-MTU Attribute (12), length: 6, Value: 1400

	  NAS-Port-Type Attribute (61), length: 6, Value: Wireless - IEEE 802.11

	  Service-Type Attribute (6), length: 6, Value: Framed

	  Connect-Info Attribute (77), length: 24, Value: CONNECT 11Mbps 802.11b

	  Called-Station-Id Attribute (30), length: 3, Value: 

	  EAP-Message Attribute (79), length: 46, Value: Response (2), id 1, len 44

		 Type unknown (25)

	  State Attribute (24), length: 18, Value: a?3.d>*.....%D..

	  Message-Authenticator Attribute (80), length: 18, Value: ]o[0..$!d.*u}..<

08:17:57.913232 IP (tos 0x0, ttl 64, id 62503, offset 0, flags [none], proto UDP (17), length 160)

    127.0.0.1.1812 > 127.0.0.1.42174: RADIUS, length: 132

	Access-Challenge (11), id: 0x06, Authenticator: 1255a80e8c17e0f4b5bd80ce4818c4c0

	  EAP-Message Attribute (79), length: 76, Value: Request (1), id 2, len 74

		 Type unknown (25)

	  Message-Authenticator Attribute (80), length: 18, Value: .]....^*.......C

	  State Attribute (24), length: 18, Value: a?3.g=*.....%D..

08:17:57.913492 IP (tos 0x0, ttl 64, id 46761, offset 0, flags [none], proto UDP (17), length 264)

    127.0.0.1.42174 > 127.0.0.1.1812: RADIUS, length: 236

	Access-Request (1), id: 0x07, Authenticator: d4221dd27218a94b158287d47149a3f2

	  User-Name Attribute (1), length: 10, Value: adhithya

	  NAS-IP-Address Attribute (4), length: 6, Value: 127.0.0.1

	  Calling-Station-Id Attribute (31), length: 19, Value: 02-00-00-00-00-01

	  Framed-MTU Attribute (12), length: 6, Value: 1400

	  NAS-Port-Type Attribute (61), length: 6, Value: Wireless - IEEE 802.11

	  Service-Type Attribute (6), length: 6, Value: Framed

	  Connect-Info Attribute (77), length: 24, Value: CONNECT 11Mbps 802.11b

	  Called-Station-Id Attribute (30), length: 3, Value: 

	  EAP-Message Attribute (79), length: 100, Value: Response (2), id 2, len 98

		 Type unknown (25)

	  State Attribute (24), length: 18, Value: a?3.g=*.....%D..

	  Message-Authenticator Attribute (80), length: 18, Value: ....Hq...y...N4.

08:17:57.914298 IP (tos 0x0, ttl 64, id 62504, offset 0, flags [none], proto UDP (17), length 168)

    127.0.0.1.1812 > 127.0.0.1.42174: RADIUS, length: 140

	Access-Challenge (11), id: 0x07, Authenticator: 98853454350195427c689c6b83897989

	  EAP-Message Attribute (79), length: 84, Value: Request (1), id 3, len 82

		 Type unknown (25)

	  Message-Authenticator Attribute (80), length: 18, Value: ......m*S.......

	  State Attribute (24), length: 18, Value: a?3.f<*.....%D..

08:17:57.914450 IP (tos 0x0, ttl 64, id 46762, offset 0, flags [none], proto UDP (17), length 203)

    127.0.0.1.42174 > 127.0.0.1.1812: RADIUS, length: 175

	Access-Request (1), id: 0x08, Authenticator: d0a87c4f442983a741ece6cad4848d45

	  User-Name Attribute (1), length: 10, Value: adhithya

	  NAS-IP-Address Attribute (4), length: 6, Value: 127.0.0.1

	  Calling-Station-Id Attribute (31), length: 19, Value: 02-00-00-00-00-01

	  Framed-MTU Attribute (12), length: 6, Value: 1400

	  NAS-Port-Type Attribute (61), length: 6, Value: Wireless - IEEE 802.11

	  Service-Type Attribute (6), length: 6, Value: Framed

	  Connect-Info Attribute (77), length: 24, Value: CONNECT 11Mbps 802.11b

	  Called-Station-Id Attribute (30), length: 3, Value: 

	  EAP-Message Attribute (79), length: 39, Value: Response (2), id 3, len 37

		 Type unknown (25)

	  State Attribute (24), length: 18, Value: a?3.f<*.....%D..

	  Message-Authenticator Attribute (80), length: 18, Value: .ku..ne.......'.

08:17:57.915269 IP (tos 0x0, ttl 64, id 62505, offset 0, flags [none], proto UDP (17), length 132)

    127.0.0.1.1812 > 127.0.0.1.42174: RADIUS, length: 104

	Access-Challenge (11), id: 0x08, Authenticator: 59394c09ef066e77f2d36bc68a128a79

	  EAP-Message Attribute (79), length: 48, Value: Request (1), id 4, len 46

		 Type unknown (25)

	  Message-Authenticator Attribute (80), length: 18, Value: .f......k!Pr7.<.

	  State Attribute (24), length: 18, Value: a?3.i;*.....%D..

08:17:57.915397 IP (tos 0x0, ttl 64, id 46763, offset 0, flags [none], proto UDP (17), length 212)

    127.0.0.1.42174 > 127.0.0.1.1812: RADIUS, length: 184

	Access-Request (1), id: 0x09, Authenticator: 04a7be4006464c33ad25282fabbcff7f

	  User-Name Attribute (1), length: 10, Value: adhithya

	  NAS-IP-Address Attribute (4), length: 6, Value: 127.0.0.1

	  Calling-Station-Id Attribute (31), length: 19, Value: 02-00-00-00-00-01

	  Framed-MTU Attribute (12), length: 6, Value: 1400

	  NAS-Port-Type Attribute (61), length: 6, Value: Wireless - IEEE 802.11

	  Service-Type Attribute (6), length: 6, Value: Framed

	  Connect-Info Attribute (77), length: 24, Value: CONNECT 11Mbps 802.11b

	  Called-Station-Id Attribute (30), length: 3, Value: 

	  EAP-Message Attribute (79), length: 48, Value: Response (2), id 4, len 46

		 Type unknown (25)

	  State Attribute (24), length: 18, Value: a?3.i;*.....%D..

	  Message-Authenticator Attribute (80), length: 18, Value: ....lau..iT....n

08:17:57.915928 IP (tos 0x0, ttl 64, id 62506, offset 0, flags [none], proto UDP (17), length 204)

    127.0.0.1.1812 > 127.0.0.1.42174: RADIUS, length: 176

	Access-Accept (2), id: 0x09, Authenticator: 8971e4ed6ccbeabdec9a71b56d13d12b

	  Vendor-Specific Attribute (26), length: 58, Value: Vendor: Microsoft (311)

	    Vendor Attribute: 17, Length: 50, Value: .c.q.Pv...'.\~r..P. !wD?...,.T.a..Z8.l.;..DY.!...L

	  Vendor-Specific Attribute (26), length: 58, Value: Vendor: Microsoft (311)

	    Vendor Attribute: 16, Length: 50, Value: .......n!...u...vx.B.7......n."j.c.....Z.....u..2.

	  EAP-Message Attribute (79), length: 6, Value: Success (3), id 4, len 4

	  Message-Authenticator Attribute (80), length: 18, Value: &d".U~.G...[r.9.

	  User-Name Attribute (1), length: 10, Value: adhithya

	  Framed-MTU Attribute (12), length: 6, Value: 994

